
ROM used:   6332/32768 (19%)
            6332/32768 (19%) including unused fragments

            0.9 Average locations per line
            6.1 Average locations per statement

RAM used:   430/2048 (21%) at main() level
            487/2048 (24%) worst case

Stack used: 17 worst case (8 in main + 9 for interrupts)
Stack size: 31

Lines Stmts  %   Files
----- ----- ---  -----
   79    23   2  newmain.c
   37     0   0  main.h
  837     0   0  18F4550.h
  839   138  13  usb_cdc.h
  228     0   0  pic18_usb.h
  328     0   0  usb_hw_layer.h
  303     0   0  usb_desc_cdc.h
 1103     0   0  usb.h
 1177   237  23  usb.c
 1406   317  31  pic18_usb.c
  423   169  16  string.h
   32    44   4  stddef.h
   28   109  11  ctype.h
----- -----
 6820  1037 Total

Page ROM  %  RAM   Vol Diff  Functions:
---- --- --- ---   --- ----  ----------
0     38   0    1             @delay_ms1
0     42   0    0             @const650
0     32   0    0             @const771
0     32   0    0             @const774
0     48   0    0             @const777
0     48   0    0             @const780
0     84   1    0             @const783
0     18   0    0             @const786
0     24   0    0             @const789
0     34   0    0             @const794
0     30   0    5             @MUL1616
0     78   1    4   139  4.3  usb_tbe
0     36   0    1   145  3.2  usb_detach
0     34   0    0   136  2.2  usb_attach
0      6   0    0    16  1.0  usb_init_cs
0     34   0    1   367  5.2  usb_task
0     14   0    0    61  2.5  usb_init
0    268   2    9  1092  5.4  usb_flush_in
0    150   1   10   344  6.1  usb_put_packet
0    242   2    9   914  5.0  usb_flush_out
0     60   0    3    66  2.7  usb_rx_packet_size
0     90   1    6   258  4.6  usb_stall_ep
0     88   1    6   266  4.6  usb_unstall_ep
0    106   1    5   373  6.0  usb_endpoint_stalled
0     22   0    1    94  2.7  usb_set_address
0    482   4   12  1774 10.4  usb_set_configured
0     96   1    5   199  3.2  usb_disable_endpoint
0     22   0    1    99  3.0  usb_disable_endpoints
0      4   0    0    61  4.0  usb_clear_trn
0    114   1    2   662  6.8  usb_isr
0      6   0    0    43  2.0  usb_isr_sof
0     42   0    0   357  4.2  usb_isr_rst
0     32   0    0   508  4.0  usb_init_ep0_setup
0      8   0    0    74  2.8  usb_isr_uerr
0     10   0    0    82  2.8  usb_isr_uidle
0     16   0    0   102  3.3  usb_isr_activity
0     14   0    0   151  3.9  usb_isr_stall
0      6   0    1    30  1.7  usb_request_send_response
0      6   0    0    22  1.2  usb_request_get_data
0      4   0    0    22  1.2  usb_request_stall
0    202   2    2  3362  9.3  usb_isr_tok_dne
0      8   0    0    29  1.9  usb_enumerated
0     44   0    3   273  4.0  usb_token_reset
0     86   1    3   274  5.9  usb_endpoint_is_valid
0     34   0    1   212  3.1  usb_isr_tok_in_dne
0     18   0    1   115  2.5  usb_isr_tok_out_dne
0     50   0    0   375  6.4  usb_isr_tok_setup_dne
0    170   1    0  1454  8.3  usb_isr_tkn_setup_StandardDevice
0    150   1    3   933  7.7  usb_isr_tkn_setup_StandardInterface
0     94   1    0   753  5.8  usb_isr_tkn_setup_StandardEndpoint
0    214   2    1  1088  8.7  usb_Get_Descriptor
0     14   0    0    76  1.8  usb_finish_set_address
0    150   1    4   622  9.1  usb_copy_desc_seg_to_ep
0     90   1    0   401  6.1  usb_isr_tok_out_cdc_control_dne
0    162   1    0  1146  8.3  usb_isr_tkn_cdc
0     24   0    0   174  3.6  usb_isr_tok_out_cdc_data_dne
0      6   0    0    70  0.7  usb_isr_tok_in_cdc_data_dne
0     34   0    0   106  2.9  usb_cdc_flush_tx_buffer
0    112   1    4   280  2.3  usb_cdc_init
0     14   0    0    59  2.3  usb_cdc_get_discard
0     48   0    4   228  4.8  _usb_cdc_putc_fast_noflush
0     24   0    1    52  2.0  usb_cdc_putc_fast
0     18   0    1    80  3.1  usb_cdc_putc
0    412   3    7   668  6.5  MAIN
0     56   0    2             @ITOF
0    242   2   11             @MULFF
0    346   3   14             @DIVFF
0     18   0    0             @const1169
0     30   0    3             @PSTRINGCN_664
0     40   0    3             @DIV88
0    172   1    6             @PRINTF_D_664
0     64   1    5             @FTOSD
0    142   1   13             @DIV3232
0    378   3   13             @PRINTF_L32D_664FPFPF
 Inline         0             @cinit1

Program metrics:
    Functions               53
    Statements              1037
    Comments                5686
    Volume (V)              39520
    Difficulty (D)          230.4
    Effort to implement (E) 9106370
    Time to implement (T)   140 hours, 32 minutes
    Est Delivered Bugs (B)  15
    Cyclomatic Complexity   124
    Maintainability (MI)    71

 Segment     Used  Free
-----------  ----  ----
00000-00002     4  0  
00004-00006     4  0  
00008-00094   142  0  
00096-07FFE  6182  26436  



