#
# A fatal error has been detected by the Java Runtime Environment:
#
#  EXCEPTION_ACCESS_VIOLATION (0xc0000005) at pc=0x0000000180005b00, pid=8244, tid=9492
#
# JRE version: Java(TM) SE Runtime Environment (9.0+11) (build 9.0.4+11)
# Java VM: Java HotSpot(TM) 64-Bit Server VM (9.0.4+11, mixed mode, tiered, compressed oops, g1 gc, windows-amd64)
# Problematic frame:
# C  [rxtxSerial.dll+0x5b00]
#
# No core dump will be written. Minidumps are not enabled by default on client versions of Windows
#
# If you would like to submit a bug report, please visit:
#   http://bugreport.java.com/bugreport/crash.jsp
# The crash happened outside the Java Virtual Machine in native code.
# See problematic frame for where to report the bug.
#

---------------  S U M M A R Y ------------

Command Line: -javaagent:D:\IntelliJ IDEA Community Edition 2018.1.3\lib\idea_rt.jar=58329:D:\IntelliJ IDEA Community Edition 2018.1.3\bin -Dfile.encoding=UTF-8 SerialTest

Host: AMD FX(tm)-8350 Eight-Core Processor           , 8 cores, 11G,  Windows 10 , 64 bit Build 16299 (10.0.16299.431)
Time: Fri May 11 15:38:30 2018 Hora de verano romance elapsed time: 0 seconds (0d 0h 0m 0s)

---------------  T H R E A D  ---------------

Current thread (0x000001a5f8b2b000):  JavaThread "Thread-0" [_thread_in_native, id=9492, stack(0x000000785e300000,0x000000785e400000)]

Stack: [0x000000785e300000,0x000000785e400000],  sp=0x000000785e3fdfc0,  free space=1015k
Native frames: (J=compiled Java code, j=interpreted, Vv=VM code, C=native code)
C  [rxtxSerial.dll+0x5b00]
C  [rxtxSerial.dll+0x6211]
C  0x000001a5de18919c

Java frames: (J=compiled Java code, j=interpreted, Vv=VM code)
j  gnu.io.RXTXPort.readArray([BII)I+0
j  gnu.io.RXTXPort$SerialInputStream.read([BII)I+212
j  sun.nio.cs.StreamDecoder.readBytes()I+135 java.base@9.0.4
j  sun.nio.cs.StreamDecoder.implRead([CII)I+112 java.base@9.0.4
j  sun.nio.cs.StreamDecoder.read([CII)I+180 java.base@9.0.4
j  java.io.InputStreamReader.read([CII)I+7 java.base@9.0.4
j  java.io.BufferedReader.fill()V+145 java.base@9.0.4
j  java.io.BufferedReader.readLine(Z)Ljava/lang/String;+44 java.base@9.0.4
j  java.io.BufferedReader.readLine()Ljava/lang/String;+2 java.base@9.0.4
j  SerialTest.serialEvent(Lgnu/io/SerialPortEvent;)V+24
j  gnu.io.RXTXPort.sendEvent(IZ)Z+382
v  ~StubRoutines::call_stub
j  gnu.io.RXTXPort.eventLoop()V+0
j  gnu.io.RXTXPort$MonitorThread.run()V+12
v  ~StubRoutines::call_stub

siginfo: EXCEPTION_ACCESS_VIOLATION (0xc0000005), reading address 0x000000005e3fedc8


Register to memory mapping:

RIP=0x0000000180005b00 rxtxSerial.dll
RAX=0x0000000000000001 is an unknown value
RBX=0x0000000000000000 is an unknown value
RCX=0x000000018001d4d5 rxtxSerial.dll
RDX=0xfffffffffffff665 is an unknown value
RSP=0x000000785e3fdfc0 is pointing into the stack for thread: 0x000001a5f8b2b000
RBP=0x00000000ffffffff is an unknown value
RSI=0x0000000000000000 is an unknown value
RDI=0x000001a5f8b2b218 is an unknown value
R8 =0x0000000000000002 is an unknown value
R9 =0xfffffffffffff63c is an unknown value
R10=0x0000000000000002 is an unknown value
R11=0x8101010101010100 is an unknown value
R12=0x000000005e3fedc0 is an unknown value
R13=0x0000000000000050 is an unknown value
R14=0x000000785e3fe1b0 is pointing into the stack for thread: 0x000001a5f8b2b000
R15=0x0000000000000000 is an unknown value


Registers:
RAX=0x0000000000000001, RBX=0x0000000000000000, RCX=0x000000018001d4d5, RDX=0xfffffffffffff665
RSP=0x000000785e3fdfc0, RBP=0x00000000ffffffff, RSI=0x0000000000000000, RDI=0x000001a5f8b2b218
R8 =0x0000000000000002, R9 =0xfffffffffffff63c, R10=0x0000000000000002, R11=0x8101010101010100
R12=0x000000005e3fedc0, R13=0x0000000000000050, R14=0x000000785e3fe1b0, R15=0x0000000000000000
RIP=0x0000000180005b00, EFLAGS=0x0000000000010202

Top of Stack: (sp=0x000000785e3fdfc0)
0x000000785e3fdfc0:   0000000000000000 0000000000000000
0x000000785e3fdfd0:   000000785e3fe1b8 0000000000000000
0x000000785e3fdfe0:   0000000000000000 000000785e3fe1b0
0x000000785e3fdff0:   000001a5f83a2220 0000000000000001
0x000000785e3fe000:   000001a5f8b2b218 0000000000000050
0x000000785e3fe010:   ffffffffffffffff 0000000180006211
0x000000785e3fe020:   000001a5f8a910b0 0000000000000050
0x000000785e3fe030:   0000000000000001 000001a5f8a910b0
0x000000785e3fe040:   0000000000000050 00000000ffffffff
0x000000785e3fe050:   000000785e3fe1b8 000001a5f83a2228
0x000000785e3fe060:   000001a5f8b2b000 000001a5f8b2bde0
0x000000785e3fe070:   000001a5f8b2d770 0000000076018b00
0x000000785e3fe080:   000000785e3fea38 0000000076224096
0x000000785e3fe090:   0000000000000000 0000e96e14740774
0x000000785e3fe0a0:   000001a5f83a2228 000001a5f83a2220
0x000000785e3fe0b0:   000001a5f8b2b000 000000785e3fe1b8 

Instructions: (pc=0x0000000180005b00)
0x0000000180005ae0:   15 23 7a 01 00 48 8d 48 60 e8 3a 5d 00 00 4c 8b
0x0000000180005af0:   e5 8b ac 24 88 00 00 00 44 8b ac 24 80 00 00 00
0x0000000180005b00:   45 8b 74 24 08 41 89 5c 24 08 41 8b fd 85 ed 78
0x0000000180005b10:   09 ff 15 e9 14 01 00 44 8b f8 45 85 ed 7e 4a 90 



---------------  P R O C E S S  ---------------

Java Threads: ( => current thread )
  0x000001a5d20c3800 JavaThread "DestroyJavaVM" [_thread_blocked, id=10136, stack(0x000000785c000000,0x000000785c100000)]
  0x000001a5f8b0e000 JavaThread "Thread-1" [_thread_blocked, id=3736, stack(0x000000785e400000,0x000000785e500000)]
=>0x000001a5f8b2b000 JavaThread "Thread-0" [_thread_in_native, id=9492, stack(0x000000785e300000,0x000000785e400000)]
  0x000001a5f8ad1000 JavaThread "Service Thread" daemon [_thread_blocked, id=10844, stack(0x000000785e100000,0x000000785e200000)]
  0x000001a5f8acf800 JavaThread "Monitor Ctrl-Break" daemon [_thread_in_native, id=12252, stack(0x000000785e000000,0x000000785e100000)]
  0x000001a5f8992800 JavaThread "Common-Cleaner" daemon [_thread_blocked, id=12808, stack(0x000000785df00000,0x000000785e000000)]
  0x000001a5f8966800 JavaThread "Sweeper thread" daemon [_thread_blocked, id=9376, stack(0x000000785de00000,0x000000785df00000)]
  0x000001a5f7ed4000 JavaThread "C1 CompilerThread3" daemon [_thread_blocked, id=13008, stack(0x000000785dd00000,0x000000785de00000)]
  0x000001a5f7ec0800 JavaThread "C2 CompilerThread2" daemon [_thread_blocked, id=9668, stack(0x000000785dc00000,0x000000785dd00000)]
  0x000001a5f7ebd800 JavaThread "C2 CompilerThread1" daemon [_thread_blocked, id=14260, stack(0x000000785db00000,0x000000785dc00000)]
  0x000001a5f7ebd000 JavaThread "C2 CompilerThread0" daemon [_thread_blocked, id=5484, stack(0x000000785da00000,0x000000785db00000)]
  0x000001a5f7ebb000 JavaThread "Attach Listener" daemon [_thread_blocked, id=11232, stack(0x000000785d900000,0x000000785da00000)]
  0x000001a5f7eba800 JavaThread "Signal Dispatcher" daemon [_thread_blocked, id=16240, stack(0x000000785d800000,0x000000785d900000)]
  0x000001a5f7e68000 JavaThread "Finalizer" daemon [_thread_blocked, id=13700, stack(0x000000785d700000,0x000000785d800000)]
  0x000001a5f7e5d800 JavaThread "Reference Handler" daemon [_thread_blocked, id=15244, stack(0x000000785d600000,0x000000785d700000)]

Other Threads:
  0x000001a5f7e5b000 VMThread "VM Thread" [stack: 0x000000785d500000,0x000000785d600000] [id=1836]
  0x000001a5f8afa000 WatcherThread [stack: 0x000000785e200000,0x000000785e300000] [id=14816]
  0x000001a5d20d9000 GCTaskThread "GC Thread#0" [stack: 0x000000785c100000,0x000000785c200000] [id=13100]
  0x000001a5d20da800 GCTaskThread "GC Thread#1" [stack: 0x000000785c200000,0x000000785c300000] [id=12964]
  0x000001a5d20dc000 GCTaskThread "GC Thread#2" [stack: 0x000000785c300000,0x000000785c400000] [id=5972]
  0x000001a5d20e0000 GCTaskThread "GC Thread#3" [stack: 0x000000785c400000,0x000000785c500000] [id=13848]
  0x000001a5d20e1800 GCTaskThread "GC Thread#4" [stack: 0x000000785c500000,0x000000785c600000] [id=7632]
  0x000001a5d20e9800 GCTaskThread "GC Thread#5" [stack: 0x000000785c600000,0x000000785c700000] [id=13516]
  0x000001a5d20ea800 GCTaskThread "GC Thread#6" [stack: 0x000000785c700000,0x000000785c800000] [id=9908]
  0x000001a5d20f1000 GCTaskThread "GC Thread#7" [stack: 0x000000785c800000,0x000000785c900000] [id=15468]
  0x000001a5d2150000 ConcurrentGCThread "G1 Main Marker" [stack: 0x000000785d200000,0x000000785d300000] [id=14220]
  0x000001a5d2154800 ConcurrentGCThread "G1 Marker#0" [stack: 0x000000785d300000,0x000000785d400000] [id=11368]
  0x000001a5d2155800 ConcurrentGCThread "G1 Marker#1" [stack: 0x000000785d400000,0x000000785d500000] [id=6996]
  0x000001a5d211b800 ConcurrentGCThread "G1 Refine#0" [stack: 0x000000785d000000,0x000000785d100000] [id=8712]
  0x000001a5d211b000 ConcurrentGCThread "G1 Refine#1" [stack: 0x000000785cf00000,0x000000785d000000] [id=14368]
  0x000001a5d211a000 ConcurrentGCThread "G1 Refine#2" [stack: 0x000000785ce00000,0x000000785cf00000] [id=14404]
  0x000001a5d2119800 ConcurrentGCThread "G1 Refine#3" [stack: 0x000000785cd00000,0x000000785ce00000] [id=16288]
  0x000001a5d210f800 ConcurrentGCThread "G1 Refine#4" [stack: 0x000000785cc00000,0x000000785cd00000] [id=1704]
  0x000001a5d210c000 ConcurrentGCThread "G1 Refine#5" [stack: 0x000000785cb00000,0x000000785cc00000] [id=8144]
  0x000001a5d2108800 ConcurrentGCThread "G1 Refine#6" [stack: 0x000000785ca00000,0x000000785cb00000] [id=6704]
  0x000001a5d20f7800 ConcurrentGCThread "G1 Refine#7" [stack: 0x000000785c900000,0x000000785ca00000] [id=15588]
  0x000001a5d211c800 ConcurrentGCThread "G1 Young RemSet Sampling" [stack: 0x000000785d100000,0x000000785d200000] [id=12980]

Threads with active compile tasks:

VM state:not at safepoint (normal execution)

VM Mutex/Monitor currently owned by a thread: None

Heap address: 0x0000000700800000, size: 3064 MB, Compressed Oops mode: Zero based, Oop shift amount: 3
Narrow klass base: 0x0000000000000000, Narrow klass shift: 3
Compressed class space size: 1073741824 Address: 0x00000007c0000000

Heap:
 garbage-first heap   total 196608K, used 4096K [0x0000000700800000, 0x0000000700900600, 0x00000007c0000000)
  region size 1024K, 5 young (5120K), 0 survivors (0K)
 Metaspace       used 5445K, capacity 5552K, committed 5760K, reserved 1056768K
  class space    used 492K, capacity 528K, committed 640K, reserved 1048576K
Heap Regions: E=young(eden), S=young(survivor), O=old, HS=humongous(starts), HC=humongous(continues), CS=collection set, F=free, A=archive, TS=gc time stamp, AC=allocation context, TAMS=top-at-mark-start (previous, next)
|   0|0x0000000700800000, 0x0000000700800000, 0x0000000700900000|  0%| F|  |TS  0|AC  0|TAMS 0x0000000700800000, 0x0000000700800000|
|   1|0x0000000700900000, 0x0000000700900000, 0x0000000700a00000|  0%| F|  |TS  0|AC  0|TAMS 0x0000000700900000, 0x0000000700900000|
|   2|0x0000000700a00000, 0x0000000700a00000, 0x0000000700b00000|  0%| F|  |TS  0|AC  0|TAMS 0x0000000700a00000, 0x0000000700a00000|
|   3|0x0000000700b00000, 0x0000000700b00000, 0x0000000700c00000|  0%| F|  |TS  0|AC  0|TAMS 0x0000000700b00000, 0x0000000700b00000|
|   4|0x0000000700c00000, 0x0000000700c00000, 0x0000000700d00000|  0%| F|  |TS  0|AC  0|TAMS 0x0000000700c00000, 0x0000000700c00000|
|   5|0x0000000700d00000, 0x0000000700d00000, 0x0000000700e00000|  0%| F|  |TS  0|AC  0|TAMS 0x0000000700d00000, 0x0000000700d00000|
|   6|0x0000000700e00000, 0x0000000700e00000, 0x0000000700f00000|  0%| F|  |TS  0|AC  0|TAMS 0x0000000700e00000, 0x0000000700e00000|
|   7|0x0000000700f00000, 0x0000000700f00000, 0x0000000701000000|  0%| F|  |TS  0|AC  0|TAMS 0x0000000700f00000, 0x0000000700f00000|
|   8|0x0000000701000000, 0x0000000701000000, 0x0000000701100000|  0%| F|  |TS  0|AC  0|TAMS 0x0000000701000000, 0x0000000701000000|
|   9|0x0000000701100000, 0x0000000701100000, 0x0000000701200000|  0%| F|  |TS  0|AC  0|TAMS 0x0000000701100000, 0x0000000701100000|
|  10|0x0000000701200000, 0x0000000701200000, 0x0000000701300000|  0%| F|  |TS  0|AC  0|TAMS 0x0000000701200000, 0x0000000701200000|
|  11|0x0000000701300000, 0x0000000701300000, 0x0000000701400000|  0%| F|  |TS  0|AC  0|TAMS 0x0000000701300000, 0x0000000701300000|
|  12|0x0000000701400000, 0x0000000701400000, 0x0000000701500000|  0%| F|  |TS  0|AC  0|TAMS 0x0000000701400000, 0x0000000701400000|
|  13|0x0000000701500000, 0x0000000701500000, 0x0000000701600000|  0%| F|  |TS  0|AC  0|TAMS 0x0000000701500000, 0x0000000701500000|
|  14|0x0000000701600000, 0x0000000701600000, 0x0000000701700000|  0%| F|  |TS  0|AC  0|TAMS 0x0000000701600000, 0x0000000701600000|
|  15|0x0000000701700000, 0x0000000701700000, 0x0000000701800000|  0%| F|  |TS  0|AC  0|TAMS 0x0000000701700000, 0x0000000701700000|
|  16|0x0000000701800000, 0x0000000701800000, 0x0000000701900000|  0%| F|  |TS  0|AC  0|TAMS 0x0000000701800000, 0x0000000701800000|
|  17|0x0000000701900000, 0x0000000701900000, 0x0000000701a00000|  0%| F|  |TS  0|AC  0|TAMS 0x0000000701900000, 0x0000000701900000|
|  18|0x0000000701a00000, 0x0000000701a00000, 0x0000000701b00000|  0%| F|  |TS  0|AC  0|TAMS 0x0000000701a00000, 0x0000000701a00000|
|  19|0x0000000701b00000, 0x0000000701b00000, 0x0000000701c00000|  0%| F|  |TS  0|AC  0|TAMS 0x0000000701b00000, 0x0000000701b00000|
|  20|0x0000000701c00000, 0x0000000701c00000, 0x0000000701d00000|  0%| F|  |TS  0|AC  0|TAMS 0x0000000701c00000, 0x0000000701c00000|
|  21|0x0000000701d00000, 0x0000000701d00000, 0x0000000701e00000|  0%| F|  |TS  0|AC  0|TAMS 0x0000000701d00000, 0x0000000701d00000|
|  22|0x0000000701e00000, 0x0000000701e00000, 0x0000000701f00000|  0%| F|  |TS  0|AC  0|TAMS 0x0000000701e00000, 0x0000000701e00000|
|  23|0x0000000701f00000, 0x0000000701f00000, 0x0000000702000000|  0%| F|  |TS  0|AC  0|TAMS 0x0000000701f00000, 0x0000000701f00000|
|  24|0x0000000702000000, 0x0000000702000000, 0x0000000702100000|  0%| F|  |TS  0|AC  0|TAMS 0x0000000702000000, 0x0000000702000000|
|  25|0x0000000702100000, 0x0000000702100000, 0x0000000702200000|  0%| F|  |TS  0|AC  0|TAMS 0x0000000702100000, 0x0000000702100000|
|  26|0x0000000702200000, 0x0000000702200000, 0x0000000702300000|  0%| F|  |TS  0|AC  0|TAMS 0x0000000702200000, 0x0000000702200000|
|  27|0x0000000702300000, 0x0000000702300000, 0x0000000702400000|  0%| F|  |TS  0|AC  0|TAMS 0x0000000702300000, 0x0000000702300000|
|  28|0x0000000702400000, 0x0000000702400000, 0x0000000702500000|  0%| F|  |TS  0|AC  0|TAMS 0x0000000702400000, 0x0000000702400000|
|  29|0x0000000702500000, 0x0000000702500000, 0x0000000702600000|  0%| F|  |TS  0|AC  0|TAMS 0x0000000702500000, 0x0000000702500000|
|  30|0x0000000702600000, 0x0000000702600000, 0x0000000702700000|  0%| F|  |TS  0|AC  0|TAMS 0x0000000702600000, 0x0000000702600000|
|  31|0x0000000702700000, 0x0000000702700000, 0x0000000702800000|  0%| F|  |TS  0|AC  0|TAMS 0x0000000702700000, 0x0000000702700000|
|  32|0x0000000702800000, 0x0000000702800000, 0x0000000702900000|  0%| F|  |TS  0|AC  0|TAMS 0x0000000702800000, 0x0000000702800000|
|  33|0x0000000702900000, 0x0000000702900000, 0x0000000702a00000|  0%| F|  |TS  0|AC  0|TAMS 0x0000000702900000, 0x0000000702900000|
|  34|0x0000000702a00000, 0x0000000702a00000, 0x0000000702b00000|  0%| F|  |TS  0|AC  0|TAMS 0x0000000702a00000, 0x0000000702a00000|
|  35|0x0000000702b00000, 0x0000000702b00000, 0x0000000702c00000|  0%| F|  |TS  0|AC  0|TAMS 0x0000000702b00000, 0x0000000702b00000|
|  36|0x0000000702c00000, 0x0000000702c00000, 0x0000000702d00000|  0%| F|  |TS  0|AC  0|TAMS 0x0000000702c00000, 0x0000000702c00000|
|  37|0x0000000702d00000, 0x0000000702d00000, 0x0000000702e00000|  0%| F|  |TS  0|AC  0|TAMS 0x0000000702d00000, 0x0000000702d00000|
|  38|0x0000000702e00000, 0x0000000702e00000, 0x0000000702f00000|  0%| F|  |TS  0|AC  0|TAMS 0x0000000702e00000, 0x0000000702e00000|
|  39|0x0000000702f00000, 0x0000000702f00000, 0x0000000703000000|  0%| F|  |TS  0|AC  0|TAMS 0x0000000702f00000, 0x0000000702f00000|
|  40|0x0000000703000000, 0x0000000703000000, 0x0000000703100000|  0%| F|  |TS  0|AC  0|TAMS 0x0000000703000000, 0x0000000703000000|
|  41|0x0000000703100000, 0x0000000703100000, 0x0000000703200000|  0%| F|  |TS  0|AC  0|TAMS 0x0000000703100000, 0x0000000703100000|
|  42|0x0000000703200000, 0x0000000703200000, 0x0000000703300000|  0%| F|  |TS  0|AC  0|TAMS 0x0000000703200000, 0x0000000703200000|
|  43|0x0000000703300000, 0x0000000703300000, 0x0000000703400000|  0%| F|  |TS  0|AC  0|TAMS 0x0000000703300000, 0x0000000703300000|
|  44|0x0000000703400000, 0x0000000703400000, 0x0000000703500000|  0%| F|  |TS  0|AC  0|TAMS 0x0000000703400000, 0x0000000703400000|
|  45|0x0000000703500000, 0x0000000703500000, 0x0000000703600000|  0%| F|  |TS  0|AC  0|TAMS 0x0000000703500000, 0x0000000703500000|
|  46|0x0000000703600000, 0x0000000703600000, 0x0000000703700000|  0%| F|  |TS  0|AC  0|TAMS 0x0000000703600000, 0x0000000703600000|
|  47|0x0000000703700000, 0x0000000703700000, 0x0000000703800000|  0%| F|  |TS  0|AC  0|TAMS 0x0000000703700000, 0x0000000703700000|
|  48|0x0000000703800000, 0x0000000703800000, 0x0000000703900000|  0%| F|  |TS  0|AC  0|TAMS 0x0000000703800000, 0x0000000703800000|
|  49|0x0000000703900000, 0x0000000703900000, 0x0000000703a00000|  0%| F|  |TS  0|AC  0|TAMS 0x0000000703900000, 0x0000000703900000|
|  50|0x0000000703a00000, 0x0000000703a00000, 0x0000000703b00000|  0%| F|  |TS  0|AC  0|TAMS 0x0000000703a00000, 0x0000000703a00000|
|  51|0x0000000703b00000, 0x0000000703b00000, 0x0000000703c00000|  0%| F|  |TS  0|AC  0|TAMS 0x0000000703b00000, 0x0000000703b00000|
|  52|0x0000000703c00000, 0x0000000703c00000, 0x0000000703d00000|  0%| F|  |TS  0|AC  0|TAMS 0x0000000703c00000, 0x0000000703c00000|
|  53|0x0000000703d00000, 0x0000000703d00000, 0x0000000703e00000|  0%| F|  |TS  0|AC  0|TAMS 0x0000000703d00000, 0x0000000703d00000|
|  54|0x0000000703e00000, 0x0000000703e00000, 0x0000000703f00000|  0%| F|  |TS  0|AC  0|TAMS 0x0000000703e00000, 0x0000000703e00000|
|  55|0x0000000703f00000, 0x0000000703f00000, 0x0000000704000000|  0%| F|  |TS  0|AC  0|TAMS 0x0000000703f00000, 0x0000000703f00000|
|  56|0x0000000704000000, 0x0000000704000000, 0x0000000704100000|  0%| F|  |TS  0|AC  0|TAMS 0x0000000704000000, 0x0000000704000000|
|  57|0x0000000704100000, 0x0000000704100000, 0x0000000704200000|  0%| F|  |TS  0|AC  0|TAMS 0x0000000704100000, 0x0000000704100000|
|  58|0x0000000704200000, 0x0000000704200000, 0x0000000704300000|  0%| F|  |TS  0|AC  0|TAMS 0x0000000704200000, 0x0000000704200000|
|  59|0x0000000704300000, 0x0000000704300000, 0x0000000704400000|  0%| F|  |TS  0|AC  0|TAMS 0x0000000704300000, 0x0000000704300000|
|  60|0x0000000704400000, 0x0000000704400000, 0x0000000704500000|  0%| F|  |TS  0|AC  0|TAMS 0x0000000704400000, 0x0000000704400000|
|  61|0x0000000704500000, 0x0000000704500000, 0x0000000704600000|  0%| F|  |TS  0|AC  0|TAMS 0x0000000704500000, 0x0000000704500000|
|  62|0x0000000704600000, 0x0000000704600000, 0x0000000704700000|  0%| F|  |TS  0|AC  0|TAMS 0x0000000704600000, 0x0000000704600000|
|  63|0x0000000704700000, 0x0000000704700000, 0x0000000704800000|  0%| F|  |TS  0|AC  0|TAMS 0x0000000704700000, 0x0000000704700000|
|  64|0x0000000704800000, 0x0000000704800000, 0x0000000704900000|  0%| F|  |TS  0|AC  0|TAMS 0x0000000704800000, 0x0000000704800000|
|  65|0x0000000704900000, 0x0000000704900000, 0x0000000704a00000|  0%| F|  |TS  0|AC  0|TAMS 0x0000000704900000, 0x0000000704900000|
|  66|0x0000000704a00000, 0x0000000704a00000, 0x0000000704b00000|  0%| F|  |TS  0|AC  0|TAMS 0x0000000704a00000, 0x0000000704a00000|
|  67|0x0000000704b00000, 0x0000000704b00000, 0x0000000704c00000|  0%| F|  |TS  0|AC  0|TAMS 0x0000000704b00000, 0x0000000704b00000|
|  68|0x0000000704c00000, 0x0000000704c00000, 0x0000000704d00000|  0%| F|  |TS  0|AC  0|TAMS 0x0000000704c00000, 0x0000000704c00000|
|  69|0x0000000704d00000, 0x0000000704d00000, 0x0000000704e00000|  0%| F|  |TS  0|AC  0|TAMS 0x0000000704d00000, 0x0000000704d00000|
|  70|0x0000000704e00000, 0x0000000704e00000, 0x0000000704f00000|  0%| F|  |TS  0|AC  0|TAMS 0x0000000704e00000, 0x0000000704e00000|
|  71|0x0000000704f00000, 0x0000000704f00000, 0x0000000705000000|  0%| F|  |TS  0|AC  0|TAMS 0x0000000704f00000, 0x0000000704f00000|
|  72|0x0000000705000000, 0x0000000705000000, 0x0000000705100000|  0%| F|  |TS  0|AC  0|TAMS 0x0000000705000000, 0x0000000705000000|
|  73|0x0000000705100000, 0x0000000705100000, 0x0000000705200000|  0%| F|  |TS  0|AC  0|TAMS 0x0000000705100000, 0x0000000705100000|
|  74|0x0000000705200000, 0x0000000705200000, 0x0000000705300000|  0%| F|  |TS  0|AC  0|TAMS 0x0000000705200000, 0x0000000705200000|
|  75|0x0000000705300000, 0x0000000705300000, 0x0000000705400000|  0%| F|  |TS  0|AC  0|TAMS 0x0000000705300000, 0x0000000705300000|
|  76|0x0000000705400000, 0x0000000705400000, 0x0000000705500000|  0%| F|  |TS  0|AC  0|TAMS 0x0000000705400000, 0x0000000705400000|
|  77|0x0000000705500000, 0x0000000705500000, 0x0000000705600000|  0%| F|  |TS  0|AC  0|TAMS 0x0000000705500000, 0x0000000705500000|
|  78|0x0000000705600000, 0x0000000705600000, 0x0000000705700000|  0%| F|  |TS  0|AC  0|TAMS 0x0000000705600000, 0x0000000705600000|
|  79|0x0000000705700000, 0x0000000705700000, 0x0000000705800000|  0%| F|  |TS  0|AC  0|TAMS 0x0000000705700000, 0x0000000705700000|
|  80|0x0000000705800000, 0x0000000705800000, 0x0000000705900000|  0%| F|  |TS  0|AC  0|TAMS 0x0000000705800000, 0x0000000705800000|
|  81|0x0000000705900000, 0x0000000705900000, 0x0000000705a00000|  0%| F|  |TS  0|AC  0|TAMS 0x0000000705900000, 0x0000000705900000|
|  82|0x0000000705a00000, 0x0000000705a00000, 0x0000000705b00000|  0%| F|  |TS  0|AC  0|TAMS 0x0000000705a00000, 0x0000000705a00000|
|  83|0x0000000705b00000, 0x0000000705b00000, 0x0000000705c00000|  0%| F|  |TS  0|AC  0|TAMS 0x0000000705b00000, 0x0000000705b00000|
|  84|0x0000000705c00000, 0x0000000705c00000, 0x0000000705d00000|  0%| F|  |TS  0|AC  0|TAMS 0x0000000705c00000, 0x0000000705c00000|
|  85|0x0000000705d00000, 0x0000000705d00000, 0x0000000705e00000|  0%| F|  |TS  0|AC  0|TAMS 0x0000000705d00000, 0x0000000705d00000|
|  86|0x0000000705e00000, 0x0000000705e00000, 0x0000000705f00000|  0%| F|  |TS  0|AC  0|TAMS 0x0000000705e00000, 0x0000000705e00000|
|  87|0x0000000705f00000, 0x0000000705f00000, 0x0000000706000000|  0%| F|  |TS  0|AC  0|TAMS 0x0000000705f00000, 0x0000000705f00000|
|  88|0x0000000706000000, 0x0000000706000000, 0x0000000706100000|  0%| F|  |TS  0|AC  0|TAMS 0x0000000706000000, 0x0000000706000000|
|  89|0x0000000706100000, 0x0000000706100000, 0x0000000706200000|  0%| F|  |TS  0|AC  0|TAMS 0x0000000706100000, 0x0000000706100000|
|  90|0x0000000706200000, 0x0000000706200000, 0x0000000706300000|  0%| F|  |TS  0|AC  0|TAMS 0x0000000706200000, 0x0000000706200000|
|  91|0x0000000706300000, 0x0000000706300000, 0x0000000706400000|  0%| F|  |TS  0|AC  0|TAMS 0x0000000706300000, 0x0000000706300000|
|  92|0x0000000706400000, 0x0000000706400000, 0x0000000706500000|  0%| F|  |TS  0|AC  0|TAMS 0x0000000706400000, 0x0000000706400000|
|  93|0x0000000706500000, 0x0000000706500000, 0x0000000706600000|  0%| F|  |TS  0|AC  0|TAMS 0x0000000706500000, 0x0000000706500000|
|  94|0x0000000706600000, 0x0000000706600000, 0x0000000706700000|  0%| F|  |TS  0|AC  0|TAMS 0x0000000706600000, 0x0000000706600000|
|  95|0x0000000706700000, 0x0000000706700000, 0x0000000706800000|  0%| F|  |TS  0|AC  0|TAMS 0x0000000706700000, 0x0000000706700000|
|  96|0x0000000706800000, 0x0000000706800000, 0x0000000706900000|  0%| F|  |TS  0|AC  0|TAMS 0x0000000706800000, 0x0000000706800000|
|  97|0x0000000706900000, 0x0000000706900000, 0x0000000706a00000|  0%| F|  |TS  0|AC  0|TAMS 0x0000000706900000, 0x0000000706900000|
|  98|0x0000000706a00000, 0x0000000706a00000, 0x0000000706b00000|  0%| F|  |TS  0|AC  0|TAMS 0x0000000706a00000, 0x0000000706a00000|
|  99|0x0000000706b00000, 0x0000000706b00000, 0x0000000706c00000|  0%| F|  |TS  0|AC  0|TAMS 0x0000000706b00000, 0x0000000706b00000|
| 100|0x0000000706c00000, 0x0000000706c00000, 0x0000000706d00000|  0%| F|  |TS  0|AC  0|TAMS 0x0000000706c00000, 0x0000000706c00000|
| 101|0x0000000706d00000, 0x0000000706d00000, 0x0000000706e00000|  0%| F|  |TS  0|AC  0|TAMS 0x0000000706d00000, 0x0000000706d00000|
| 102|0x0000000706e00000, 0x0000000706e00000, 0x0000000706f00000|  0%| F|  |TS  0|AC  0|TAMS 0x0000000706e00000, 0x0000000706e00000|
| 103|0x0000000706f00000, 0x0000000706f00000, 0x0000000707000000|  0%| F|  |TS  0|AC  0|TAMS 0x0000000706f00000, 0x0000000706f00000|
| 104|0x0000000707000000, 0x0000000707000000, 0x0000000707100000|  0%| F|  |TS  0|AC  0|TAMS 0x0000000707000000, 0x0000000707000000|
| 105|0x0000000707100000, 0x0000000707100000, 0x0000000707200000|  0%| F|  |TS  0|AC  0|TAMS 0x0000000707100000, 0x0000000707100000|
| 106|0x0000000707200000, 0x0000000707200000, 0x0000000707300000|  0%| F|  |TS  0|AC  0|TAMS 0x0000000707200000, 0x0000000707200000|
| 107|0x0000000707300000, 0x0000000707300000, 0x0000000707400000|  0%| F|  |TS  0|AC  0|TAMS 0x0000000707300000, 0x0000000707300000|
| 108|0x0000000707400000, 0x0000000707400000, 0x0000000707500000|  0%| F|  |TS  0|AC  0|TAMS 0x0000000707400000, 0x0000000707400000|
| 109|0x0000000707500000, 0x0000000707500000, 0x0000000707600000|  0%| F|  |TS  0|AC  0|TAMS 0x0000000707500000, 0x0000000707500000|
| 110|0x0000000707600000, 0x0000000707600000, 0x0000000707700000|  0%| F|  |TS  0|AC  0|TAMS 0x0000000707600000, 0x0000000707600000|
| 111|0x0000000707700000, 0x0000000707700000, 0x0000000707800000|  0%| F|  |TS  0|AC  0|TAMS 0x0000000707700000, 0x0000000707700000|
| 112|0x0000000707800000, 0x0000000707800000, 0x0000000707900000|  0%| F|  |TS  0|AC  0|TAMS 0x0000000707800000, 0x0000000707800000|
| 113|0x0000000707900000, 0x0000000707900000, 0x0000000707a00000|  0%| F|  |TS  0|AC  0|TAMS 0x0000000707900000, 0x0000000707900000|
| 114|0x0000000707a00000, 0x0000000707a00000, 0x0000000707b00000|  0%| F|  |TS  0|AC  0|TAMS 0x0000000707a00000, 0x0000000707a00000|
| 115|0x0000000707b00000, 0x0000000707b00000, 0x0000000707c00000|  0%| F|  |TS  0|AC  0|TAMS 0x0000000707b00000, 0x0000000707b00000|
| 116|0x0000000707c00000, 0x0000000707c00000, 0x0000000707d00000|  0%| F|  |TS  0|AC  0|TAMS 0x0000000707c00000, 0x0000000707c00000|
| 117|0x0000000707d00000, 0x0000000707d00000, 0x0000000707e00000|  0%| F|  |TS  0|AC  0|TAMS 0x0000000707d00000, 0x0000000707d00000|
| 118|0x0000000707e00000, 0x0000000707e00000, 0x0000000707f00000|  0%| F|  |TS  0|AC  0|TAMS 0x0000000707e00000, 0x0000000707e00000|
| 119|0x0000000707f00000, 0x0000000707f00000, 0x0000000708000000|  0%| F|  |TS  0|AC  0|TAMS 0x0000000707f00000, 0x0000000707f00000|
| 120|0x0000000708000000, 0x0000000708000000, 0x0000000708100000|  0%| F|  |TS  0|AC  0|TAMS 0x0000000708000000, 0x0000000708000000|
| 121|0x0000000708100000, 0x0000000708100000, 0x0000000708200000|  0%| F|  |TS  0|AC  0|TAMS 0x0000000708100000, 0x0000000708100000|
| 122|0x0000000708200000, 0x0000000708200000, 0x0000000708300000|  0%| F|  |TS  0|AC  0|TAMS 0x0000000708200000, 0x0000000708200000|
| 123|0x0000000708300000, 0x0000000708300000, 0x0000000708400000|  0%| F|  |TS  0|AC  0|TAMS 0x0000000708300000, 0x0000000708300000|
| 124|0x0000000708400000, 0x0000000708400000, 0x0000000708500000|  0%| F|  |TS  0|AC  0|TAMS 0x0000000708400000, 0x0000000708400000|
| 125|0x0000000708500000, 0x0000000708500000, 0x0000000708600000|  0%| F|  |TS  0|AC  0|TAMS 0x0000000708500000, 0x0000000708500000|
| 126|0x0000000708600000, 0x0000000708600000, 0x0000000708700000|  0%| F|  |TS  0|AC  0|TAMS 0x0000000708600000, 0x0000000708600000|
| 127|0x0000000708700000, 0x0000000708700000, 0x0000000708800000|  0%| F|  |TS  0|AC  0|TAMS 0x0000000708700000, 0x0000000708700000|
| 128|0x0000000708800000, 0x0000000708800000, 0x0000000708900000|  0%| F|  |TS  0|AC  0|TAMS 0x0000000708800000, 0x0000000708800000|
| 129|0x0000000708900000, 0x0000000708900000, 0x0000000708a00000|  0%| F|  |TS  0|AC  0|TAMS 0x0000000708900000, 0x0000000708900000|
| 130|0x0000000708a00000, 0x0000000708a00000, 0x0000000708b00000|  0%| F|  |TS  0|AC  0|TAMS 0x0000000708a00000, 0x0000000708a00000|
| 131|0x0000000708b00000, 0x0000000708b00000, 0x0000000708c00000|  0%| F|  |TS  0|AC  0|TAMS 0x0000000708b00000, 0x0000000708b00000|
| 132|0x0000000708c00000, 0x0000000708c00000, 0x0000000708d00000|  0%| F|  |TS  0|AC  0|TAMS 0x0000000708c00000, 0x0000000708c00000|
| 133|0x0000000708d00000, 0x0000000708d00000, 0x0000000708e00000|  0%| F|  |TS  0|AC  0|TAMS 0x0000000708d00000, 0x0000000708d00000|
| 134|0x0000000708e00000, 0x0000000708e00000, 0x0000000708f00000|  0%| F|  |TS  0|AC  0|TAMS 0x0000000708e00000, 0x0000000708e00000|
| 135|0x0000000708f00000, 0x0000000708f00000, 0x0000000709000000|  0%| F|  |TS  0|AC  0|TAMS 0x0000000708f00000, 0x0000000708f00000|
| 136|0x0000000709000000, 0x0000000709000000, 0x0000000709100000|  0%| F|  |TS  0|AC  0|TAMS 0x0000000709000000, 0x0000000709000000|
| 137|0x0000000709100000, 0x0000000709100000, 0x0000000709200000|  0%| F|  |TS  0|AC  0|TAMS 0x0000000709100000, 0x0000000709100000|
| 138|0x0000000709200000, 0x0000000709200000, 0x0000000709300000|  0%| F|  |TS  0|AC  0|TAMS 0x0000000709200000, 0x0000000709200000|
| 139|0x0000000709300000, 0x0000000709300000, 0x0000000709400000|  0%| F|  |TS  0|AC  0|TAMS 0x0000000709300000, 0x0000000709300000|
| 140|0x0000000709400000, 0x0000000709400000, 0x0000000709500000|  0%| F|  |TS  0|AC  0|TAMS 0x0000000709400000, 0x0000000709400000|
| 141|0x0000000709500000, 0x0000000709500000, 0x0000000709600000|  0%| F|  |TS  0|AC  0|TAMS 0x0000000709500000, 0x0000000709500000|
| 142|0x0000000709600000, 0x0000000709600000, 0x0000000709700000|  0%| F|  |TS  0|AC  0|TAMS 0x0000000709600000, 0x0000000709600000|
| 143|0x0000000709700000, 0x0000000709700000, 0x0000000709800000|  0%| F|  |TS  0|AC  0|TAMS 0x0000000709700000, 0x0000000709700000|
| 144|0x0000000709800000, 0x0000000709800000, 0x0000000709900000|  0%| F|  |TS  0|AC  0|TAMS 0x0000000709800000, 0x0000000709800000|
| 145|0x0000000709900000, 0x0000000709900000, 0x0000000709a00000|  0%| F|  |TS  0|AC  0|TAMS 0x0000000709900000, 0x0000000709900000|
| 146|0x0000000709a00000, 0x0000000709a00000, 0x0000000709b00000|  0%| F|  |TS  0|AC  0|TAMS 0x0000000709a00000, 0x0000000709a00000|
| 147|0x0000000709b00000, 0x0000000709b00000, 0x0000000709c00000|  0%| F|  |TS  0|AC  0|TAMS 0x0000000709b00000, 0x0000000709b00000|
| 148|0x0000000709c00000, 0x0000000709c00000, 0x0000000709d00000|  0%| F|  |TS  0|AC  0|TAMS 0x0000000709c00000, 0x0000000709c00000|
| 149|0x0000000709d00000, 0x0000000709d00000, 0x0000000709e00000|  0%| F|  |TS  0|AC  0|TAMS 0x0000000709d00000, 0x0000000709d00000|
| 150|0x0000000709e00000, 0x0000000709e00000, 0x0000000709f00000|  0%| F|  |TS  0|AC  0|TAMS 0x0000000709e00000, 0x0000000709e00000|
| 151|0x0000000709f00000, 0x0000000709f00000, 0x000000070a000000|  0%| F|  |TS  0|AC  0|TAMS 0x0000000709f00000, 0x0000000709f00000|
| 152|0x000000070a000000, 0x000000070a000000, 0x000000070a100000|  0%| F|  |TS  0|AC  0|TAMS 0x000000070a000000, 0x000000070a000000|
| 153|0x000000070a100000, 0x000000070a100000, 0x000000070a200000|  0%| F|  |TS  0|AC  0|TAMS 0x000000070a100000, 0x000000070a100000|
| 154|0x000000070a200000, 0x000000070a200000, 0x000000070a300000|  0%| F|  |TS  0|AC  0|TAMS 0x000000070a200000, 0x000000070a200000|
| 155|0x000000070a300000, 0x000000070a300000, 0x000000070a400000|  0%| F|  |TS  0|AC  0|TAMS 0x000000070a300000, 0x000000070a300000|
| 156|0x000000070a400000, 0x000000070a400000, 0x000000070a500000|  0%| F|  |TS  0|AC  0|TAMS 0x000000070a400000, 0x000000070a400000|
| 157|0x000000070a500000, 0x000000070a500000, 0x000000070a600000|  0%| F|  |TS  0|AC  0|TAMS 0x000000070a500000, 0x000000070a500000|
| 158|0x000000070a600000, 0x000000070a600000, 0x000000070a700000|  0%| F|  |TS  0|AC  0|TAMS 0x000000070a600000, 0x000000070a600000|
| 159|0x000000070a700000, 0x000000070a700000, 0x000000070a800000|  0%| F|  |TS  0|AC  0|TAMS 0x000000070a700000, 0x000000070a700000|
| 160|0x000000070a800000, 0x000000070a800000, 0x000000070a900000|  0%| F|  |TS  0|AC  0|TAMS 0x000000070a800000, 0x000000070a800000|
| 161|0x000000070a900000, 0x000000070a900000, 0x000000070aa00000|  0%| F|  |TS  0|AC  0|TAMS 0x000000070a900000, 0x000000070a900000|
| 162|0x000000070aa00000, 0x000000070aa00000, 0x000000070ab00000|  0%| F|  |TS  0|AC  0|TAMS 0x000000070aa00000, 0x000000070aa00000|
| 163|0x000000070ab00000, 0x000000070ab00000, 0x000000070ac00000|  0%| F|  |TS  0|AC  0|TAMS 0x000000070ab00000, 0x000000070ab00000|
| 164|0x000000070ac00000, 0x000000070ac00000, 0x000000070ad00000|  0%| F|  |TS  0|AC  0|TAMS 0x000000070ac00000, 0x000000070ac00000|
| 165|0x000000070ad00000, 0x000000070ad00000, 0x000000070ae00000|  0%| F|  |TS  0|AC  0|TAMS 0x000000070ad00000, 0x000000070ad00000|
| 166|0x000000070ae00000, 0x000000070ae00000, 0x000000070af00000|  0%| F|  |TS  0|AC  0|TAMS 0x000000070ae00000, 0x000000070ae00000|
| 167|0x000000070af00000, 0x000000070af00000, 0x000000070b000000|  0%| F|  |TS  0|AC  0|TAMS 0x000000070af00000, 0x000000070af00000|
| 168|0x000000070b000000, 0x000000070b000000, 0x000000070b100000|  0%| F|  |TS  0|AC  0|TAMS 0x000000070b000000, 0x000000070b000000|
| 169|0x000000070b100000, 0x000000070b100000, 0x000000070b200000|  0%| F|  |TS  0|AC  0|TAMS 0x000000070b100000, 0x000000070b100000|
| 170|0x000000070b200000, 0x000000070b200000, 0x000000070b300000|  0%| F|  |TS  0|AC  0|TAMS 0x000000070b200000, 0x000000070b200000|
| 171|0x000000070b300000, 0x000000070b300000, 0x000000070b400000|  0%| F|  |TS  0|AC  0|TAMS 0x000000070b300000, 0x000000070b300000|
| 172|0x000000070b400000, 0x000000070b400000, 0x000000070b500000|  0%| F|  |TS  0|AC  0|TAMS 0x000000070b400000, 0x000000070b400000|
| 173|0x000000070b500000, 0x000000070b500000, 0x000000070b600000|  0%| F|  |TS  0|AC  0|TAMS 0x000000070b500000, 0x000000070b500000|
| 174|0x000000070b600000, 0x000000070b600000, 0x000000070b700000|  0%| F|  |TS  0|AC  0|TAMS 0x000000070b600000, 0x000000070b600000|
| 175|0x000000070b700000, 0x000000070b700000, 0x000000070b800000|  0%| F|  |TS  0|AC  0|TAMS 0x000000070b700000, 0x000000070b700000|
| 176|0x000000070b800000, 0x000000070b800000, 0x000000070b900000|  0%| F|  |TS  0|AC  0|TAMS 0x000000070b800000, 0x000000070b800000|
| 177|0x000000070b900000, 0x000000070b900000, 0x000000070ba00000|  0%| F|  |TS  0|AC  0|TAMS 0x000000070b900000, 0x000000070b900000|
| 178|0x000000070ba00000, 0x000000070ba00000, 0x000000070bb00000|  0%| F|  |TS  0|AC  0|TAMS 0x000000070ba00000, 0x000000070ba00000|
| 179|0x000000070bb00000, 0x000000070bb00000, 0x000000070bc00000|  0%| F|  |TS  0|AC  0|TAMS 0x000000070bb00000, 0x000000070bb00000|
| 180|0x000000070bc00000, 0x000000070bc00000, 0x000000070bd00000|  0%| F|  |TS  0|AC  0|TAMS 0x000000070bc00000, 0x000000070bc00000|
| 181|0x000000070bd00000, 0x000000070bd00000, 0x000000070be00000|  0%| F|  |TS  0|AC  0|TAMS 0x000000070bd00000, 0x000000070bd00000|
| 182|0x000000070be00000, 0x000000070be00000, 0x000000070bf00000|  0%| F|  |TS  0|AC  0|TAMS 0x000000070be00000, 0x000000070be00000|
| 183|0x000000070bf00000, 0x000000070bf00000, 0x000000070c000000|  0%| F|  |TS  0|AC  0|TAMS 0x000000070bf00000, 0x000000070bf00000|
| 184|0x000000070c000000, 0x000000070c000000, 0x000000070c100000|  0%| F|  |TS  0|AC  0|TAMS 0x000000070c000000, 0x000000070c000000|
| 185|0x000000070c100000, 0x000000070c100000, 0x000000070c200000|  0%| F|  |TS  0|AC  0|TAMS 0x000000070c100000, 0x000000070c100000|
| 186|0x000000070c200000, 0x000000070c200000, 0x000000070c300000|  0%| F|  |TS  0|AC  0|TAMS 0x000000070c200000, 0x000000070c200000|
| 187|0x000000070c300000, 0x000000070c400000, 0x000000070c400000|100%| E|  |TS  0|AC  0|TAMS 0x000000070c300000, 0x000000070c300000|
| 188|0x000000070c400000, 0x000000070c500000, 0x000000070c500000|100%| E|CS|TS  0|AC  0|TAMS 0x000000070c400000, 0x000000070c400000|
| 189|0x000000070c500000, 0x000000070c600000, 0x000000070c600000|100%| E|CS|TS  0|AC  0|TAMS 0x000000070c500000, 0x000000070c500000|
| 190|0x000000070c600000, 0x000000070c700000, 0x000000070c700000|100%| E|CS|TS  0|AC  0|TAMS 0x000000070c600000, 0x000000070c600000|
| 191|0x000000070c700000, 0x000000070c800000, 0x000000070c800000|100%| E|CS|TS  0|AC  0|TAMS 0x000000070c700000, 0x000000070c700000|

Card table byte_map: [0x000001a5ee6e0000,0x000001a5eece0000] byte_map_base: 0x000001a5eaedc000

Marking Bits (Prev, Next): (CMBitMap*) 0x000001a5f5306980, (CMBitMap*) 0x000001a5f53069b8
 Prev Bits: [0x000001a5ef2e0000, 0x000001a5f22c0000)
 Next Bits: [0x000001a5f22c0000, 0x000001a5f52a0000)

Polling page: 0x000001a5cff10000

CodeHeap 'non-profiled nmethods': size=120000Kb used=59Kb max_used=59Kb free=119940Kb
 bounds [0x000001a5e5c40000, 0x000001a5e5eb0000, 0x000001a5ed170000]
CodeHeap 'profiled nmethods': size=120000Kb used=321Kb max_used=321Kb free=119679Kb
 bounds [0x000001a5de710000, 0x000001a5de980000, 0x000001a5e5c40000]
CodeHeap 'non-nmethods': size=5760Kb used=1171Kb max_used=1182Kb free=4588Kb
 bounds [0x000001a5de170000, 0x000001a5de3e0000, 0x000001a5de710000]
 total_blobs=609 nmethods=230 adapters=214
 compilation: enabled

Compilation events (10 events):
Event: 0.211 Thread 0x000001a5f7ed4000  223  s    3       java.lang.StringBuffer::append (13 bytes)
Event: 0.212 Thread 0x000001a5f7ed4000 nmethod 223 0x000001a5de75f110 code [0x000001a5de75f2c0, 0x000001a5de75f5f0]
Event: 0.212 Thread 0x000001a5f7ed4000  219       3       java.lang.String::toUpperCase (29 bytes)
Event: 0.212 Thread 0x000001a5f7ed4000 nmethod 219 0x000001a5de75f690 code [0x000001a5de75f860, 0x000001a5de75fb60]
Event: 0.212 Thread 0x000001a5f7ed4000  225       3       java.lang.String::toUpperCase (8 bytes)
Event: 0.212 Thread 0x000001a5f7ed4000 nmethod 225 0x000001a5de75fc90 code [0x000001a5de75fe80, 0x000001a5de7602e0]
Event: 0.214 Thread 0x000001a5f7ebd800  229       4       java.lang.String::equals (65 bytes)
Event: 0.215 Thread 0x000001a5f7ebd800 nmethod 229 0x000001a5e5c4e590 code [0x000001a5e5c4e720, 0x000001a5e5c4e8f8]
Event: 0.216 Thread 0x000001a5f7ed4000  230       1       java.net.URL::getFile (5 bytes)
Event: 0.216 Thread 0x000001a5f7ed4000 nmethod 230 0x000001a5e5c4ea10 code [0x000001a5e5c4ebc0, 0x000001a5e5c4ecd8]

GC Heap History (0 events):
No events

Deoptimization events (1 events):
Event: 0.188 Thread 0x000001a5f8acf800 Uncommon trap: reason=unstable_if action=reinterpret pc=0x000001a5e5c4b31c method=java.lang.String.charAt(I)C @ 4 c2

Classes redefined (0 events):
No events

Internal exceptions (4 events):
Event: 0.201 Thread 0x000001a5d20c3800 Exception <a 'java/io/FileNotFoundException'{0x000000070c4b1680}> (0x000000070c4b1680) thrown at [t:/workspace/hotspot/src/share/vm/prims/jni.cpp, line 604]
Event: 0.208 Thread 0x000001a5d20c3800 Exception <a 'java/io/FileNotFoundException'{0x000000070c4c3238}> (0x000000070c4c3238) thrown at [t:/workspace/hotspot/src/share/vm/prims/jni.cpp, line 604]
Event: 0.209 Thread 0x000001a5d20c3800 Exception <a 'java/io/FileNotFoundException'{0x000000070c4d1568}> (0x000000070c4d1568) thrown at [t:/workspace/hotspot/src/share/vm/prims/jni.cpp, line 604]
Event: 0.214 Thread 0x000001a5d20c3800 Exception <a 'java/io/FileNotFoundException'{0x000000070c4e2be0}> (0x000000070c4e2be0) thrown at [t:/workspace/hotspot/src/share/vm/prims/jni.cpp, line 604]

Events (10 events):
Event: 0.218 loading class java/lang/NumberFormatException
Event: 0.218 loading class java/lang/NumberFormatException done
Event: 0.218 loading class java/lang/IndexOutOfBoundsException
Event: 0.218 loading class java/lang/IndexOutOfBoundsException done
Event: 0.241 loading class gnu/io/RXTXPort$MonitorThread
Event: 0.241 loading class gnu/io/RXTXPort$MonitorThread done
Event: 0.242 Thread 0x000001a5f8b2b000 Thread added: 0x000001a5f8b2b000
Event: 0.258 Thread 0x000001a5f8b0e000 Thread added: 0x000001a5f8b0e000
Event: 0.258 Thread 0x000001a5d20c3800 Thread exited: 0x000001a5d20c3800
Event: 0.259 Thread 0x000001a5d20c3800 Thread added: 0x000001a5d20c3800


Dynamic libraries:
0x00007ff7ab530000 - 0x00007ff7ab56e000 	C:\Program Files\Java\jdk-9.0.4\bin\java.exe
0x00007ffded6c0000 - 0x00007ffded8a0000 	C:\WINDOWS\SYSTEM32\ntdll.dll
0x00007ffdeab90000 - 0x00007ffdeac3e000 	C:\WINDOWS\System32\KERNEL32.DLL
0x00007ffdea780000 - 0x00007ffdea9e6000 	C:\WINDOWS\System32\KERNELBASE.dll
0x00007ffdeb6a0000 - 0x00007ffdeb741000 	C:\WINDOWS\System32\ADVAPI32.dll
0x00007ffdeb8a0000 - 0x00007ffdeb93d000 	C:\WINDOWS\System32\msvcrt.dll
0x00007ffdec110000 - 0x00007ffdec16b000 	C:\WINDOWS\System32\sechost.dll
0x00007ffdeb580000 - 0x00007ffdeb69f000 	C:\WINDOWS\System32\RPCRT4.dll
0x00007ffdeb280000 - 0x00007ffdeb40f000 	C:\WINDOWS\System32\USER32.dll
0x00007ffde9d40000 - 0x00007ffde9d60000 	C:\WINDOWS\System32\win32u.dll
0x00007ffdeb870000 - 0x00007ffdeb898000 	C:\WINDOWS\System32\GDI32.dll
0x00007ffdea9f0000 - 0x00007ffdeab83000 	C:\WINDOWS\System32\gdi32full.dll
0x00007ffde9ac0000 - 0x00007ffde9b5b000 	C:\WINDOWS\System32\msvcp_win.dll
0x00007ffdea680000 - 0x00007ffdea776000 	C:\WINDOWS\System32\ucrtbase.dll
0x00007ffddf6f0000 - 0x00007ffddf959000 	C:\WINDOWS\WinSxS\amd64_microsoft.windows.common-controls_6595b64144ccf1df_6.0.16299.431_none_15c7d3ee93659e73\COMCTL32.dll
0x00007ffde3d00000 - 0x00007ffde3d0a000 	C:\WINDOWS\SYSTEM32\VERSION.dll
0x00007ffdeaf40000 - 0x00007ffdeb248000 	C:\WINDOWS\System32\combase.dll
0x00007ffde9c10000 - 0x00007ffde9c82000 	C:\WINDOWS\System32\bcryptPrimitives.dll
0x00007ffdeaf10000 - 0x00007ffdeaf3d000 	C:\WINDOWS\System32\IMM32.DLL
0x00007ffdc0d80000 - 0x00007ffdc0e6f000 	C:\Program Files\Java\jdk-9.0.4\bin\msvcr120.dll
0x00007ffdc0490000 - 0x00007ffdc0536000 	C:\Program Files\Java\jdk-9.0.4\bin\msvcp120.dll
0x0000000075ce0000 - 0x0000000076705000 	C:\Program Files\Java\jdk-9.0.4\bin\server\jvm.dll
0x00007ffded680000 - 0x00007ffded688000 	C:\WINDOWS\System32\PSAPI.DLL
0x00007ffde6680000 - 0x00007ffde6689000 	C:\WINDOWS\SYSTEM32\WSOCK32.dll
0x00007ffde6570000 - 0x00007ffde6593000 	C:\WINDOWS\SYSTEM32\WINMM.dll
0x00007ffdeadf0000 - 0x00007ffdeae5c000 	C:\WINDOWS\System32\WS2_32.dll
0x00007ffde6340000 - 0x00007ffde636a000 	C:\WINDOWS\SYSTEM32\WINMMBASE.dll
0x00007ffde9bc0000 - 0x00007ffde9c0a000 	C:\WINDOWS\System32\cfgmgr32.dll
0x00007ffde1e00000 - 0x00007ffde1e0f000 	C:\Program Files\Java\jdk-9.0.4\bin\verify.dll
0x00007ffde16c0000 - 0x00007ffde16e7000 	C:\Program Files\Java\jdk-9.0.4\bin\java.dll
0x00007ffde1660000 - 0x00007ffde168a000 	C:\Program Files\Java\jdk-9.0.4\bin\instrument.dll
0x00007ffddff90000 - 0x00007ffddffa6000 	C:\Program Files\Java\jdk-9.0.4\bin\zip.dll
0x00007ffde1df0000 - 0x00007ffde1dfa000 	C:\Program Files\Java\jdk-9.0.4\bin\jimage.dll
0x00007ffdec170000 - 0x00007ffded5a8000 	C:\WINDOWS\System32\SHELL32.dll
0x00007ffdeae60000 - 0x00007ffdeaf06000 	C:\WINDOWS\System32\shcore.dll
0x00007ffde9d60000 - 0x00007ffdea4a7000 	C:\WINDOWS\System32\windows.storage.dll
0x00007ffdeb750000 - 0x00007ffdeb7a1000 	C:\WINDOWS\System32\shlwapi.dll
0x00007ffde9aa0000 - 0x00007ffde9ab1000 	C:\WINDOWS\System32\kernel.appcore.dll
0x00007ffde9a10000 - 0x00007ffde9a5c000 	C:\WINDOWS\System32\powrprof.dll
0x00007ffde9a80000 - 0x00007ffde9a9b000 	C:\WINDOWS\System32\profapi.dll
0x00007ffddfec0000 - 0x00007ffddfeda000 	C:\Program Files\Java\jdk-9.0.4\bin\net.dll
0x00007ffde4920000 - 0x00007ffde49fe000 	C:\WINDOWS\SYSTEM32\WINHTTP.dll
0x00007ffde92a0000 - 0x00007ffde9306000 	C:\WINDOWS\system32\mswsock.dll
0x00007ffddfea0000 - 0x00007ffddfeb1000 	C:\Program Files\Java\jdk-9.0.4\bin\nio.dll
0x00007ffdde940000 - 0x00007ffdde95a000 	D:\IntelliJ IDEA Community Edition 2018.1.3\bin\breakgen64.dll
0x0000000180000000 - 0x0000000180025000 	C:\Program Files\Java\jdk-9.0.4\bin\rxtxSerial.dll
0x00007ffdd9e40000 - 0x00007ffdda008000 	C:\WINDOWS\SYSTEM32\dbghelp.dll

VM Arguments:
jvm_args: -javaagent:D:\IntelliJ IDEA Community Edition 2018.1.3\lib\idea_rt.jar=58329:D:\IntelliJ IDEA Community Edition 2018.1.3\bin -Dfile.encoding=UTF-8 
java_command: SerialTest
java_class_path (initial): C:\Users\tyrio\Desktop\TESTMPLABADC\usb_adc_premo.X\Rasp_Codigo\out\production\Rasp_Codigo;C:\Users\tyrio\Desktop\TESTMPLABADC\usb_adc_premo.X\Rasp_Codigo\libs\RXTXcomm.jar;C:\Users\tyrio\Desktop\TESTMPLABADC\usb_adc_premo.X\Rasp_Codigo\libs\rxtx-2.1.7.jar
Launcher Type: SUN_STANDARD

Logging:
Log output configuration:
#0: stdout all=warning uptime,level,tags
#1: stderr all=off uptime,level,tags

Environment Variables:
PATH=C:\Program Files (x86)\Google\Chrome\Application;C:\Program Files (x86)\Common Files\Oracle\Java\javapath;C:\ProgramData\Oracle\Java\javapath;C:\WINDOWS\system32;C:\WINDOWS;C:\WINDOWS\System32\Wbem;C:\WINDOWS\System32\WindowsPowerShell\v1.0\;C:\Program Files\MATLAB\R2017b\runtime\win64;C:\Program Files\MATLAB\R2017b\bin;D:\Proyecto Música\PICC;D:\Program Files (x86)\Microchip\xc8\v1.45\bin;D:\Git\cmd;C:\OrCAD\OrCAD_16.6_Lite\tools\pcb\bin;C:\OrCAD\OrCAD_16.6_Lite\tools\fet\bin;C:\OrCAD\OrCAD_16.6_Lite\OpenAccess\bin\win32\opt;C:\OrCAD\OrCAD_16.6_Lite\tools\bin;C:\OrCAD\OrCAD_16.6_Lite\tools\Capture;C:\OrCAD\OrCAD_16.6_Lite\tools\PSpice;C:\Users\tyrio\AppData\Local\Microsoft\WindowsApps;C:\adb;D:\Program Files (x86)\PICC;D:\PICC;C:\PROGRA~2\PICC;C:\Program Files\PuTTY\;C:\OrCAD\OrCAD_16.6_Lite\tools\pcb\bin;C:\OrCAD\OrCAD_16.6_Lite\tools\fet\bin;C:\OrCAD\OrCAD_16.6_Lite\OpenAccess\bin\win32\opt;C:\OrCAD\OrCAD_16.6_Lite\tools\bin;C:\OrCAD\OrCAD_16.6_Lite\tools\Capture;C:\OrCAD\OrCAD_16.6_Lite\tools\PSpice;C:\Users\tyrio\AppData\Local\Microsoft\WindowsApps
USERNAME=tyrio
OS=Windows_NT
PROCESSOR_IDENTIFIER=AMD64 Family 21 Model 2 Stepping 0, AuthenticAMD



---------------  S Y S T E M  ---------------

OS: Windows 10 , 64 bit Build 16299 (10.0.16299.431)

CPU:total 8 (initial active 8) (8 cores per cpu, 1 threads per core) family 21 model 2 stepping 0, cmov, cx8, fxsr, mmx, sse, sse2, sse3, ssse3, sse4.1, sse4.2, popcnt, avx, aes, clmul, mmxext, 3dnowpref, lzcnt, sse4a, tsc, tscinvbit, tscinv, bmi1

Memory: 4k page, physical 12548764k(4827164k free), swap 19626652k(4388172k free)

vm_info: Java HotSpot(TM) 64-Bit Server VM (9.0.4+11) for windows-amd64 JRE (9.0.4+11), built on Dec 20 2017 02:18:54 by "mach5one" with MS VC++ 12.0 (VS2013)

END.
